<?xml version="1.0" encoding="UTF-8"?>
<testsuite xmlns:xsi="http://www.w3.org/2001/XMLSchema-instance" xsi:noNamespaceSchemaLocation="https://maven.apache.org/surefire/maven-surefire-plugin/xsd/surefire-test-report-3.0.xsd" version="3.0" name="TestSudokuBoard" time="0.165" tests="10" errors="0" skipped="0" failures="0">
  <properties>
    <property name="java.specification.version" value="21"/>
    <property name="sun.cpu.isalist" value="amd64"/>
    <property name="sun.jnu.encoding" value="Cp1252"/>
    <property name="java.class.path" value="C:\Users\shino\Desktop\CP\Task4_WIP\target\test-classes;C:\Users\shino\Desktop\CP\Task4_WIP\target\classes;C:\Users\shino\.m2\repository\org\junit\jupiter\junit-jupiter-engine\5.10.2\junit-jupiter-engine-5.10.2.jar;C:\Users\shino\.m2\repository\org\junit\platform\junit-platform-engine\1.10.2\junit-platform-engine-1.10.2.jar;C:\Users\shino\.m2\repository\org\opentest4j\opentest4j\1.3.0\opentest4j-1.3.0.jar;C:\Users\shino\.m2\repository\org\junit\platform\junit-platform-commons\1.10.2\junit-platform-commons-1.10.2.jar;C:\Users\shino\.m2\repository\org\junit\jupiter\junit-jupiter-api\5.10.2\junit-jupiter-api-5.10.2.jar;C:\Users\shino\.m2\repository\org\apiguardian\apiguardian-api\1.1.2\apiguardian-api-1.1.2.jar;"/>
    <property name="java.vm.vendor" value="Oracle Corporation"/>
    <property name="sun.arch.data.model" value="64"/>
    <property name="user.variant" value=""/>
    <property name="java.vendor.url" value="https://java.oracle.com/"/>
    <property name="user.timezone" value="Europe/Warsaw"/>
    <property name="user.country.format" value="PL"/>
    <property name="os.name" value="Windows 11"/>
    <property name="java.vm.specification.version" value="21"/>
    <property name="sun.java.launcher" value="SUN_STANDARD"/>
    <property name="user.country" value="GB"/>
    <property name="sun.boot.library.path" value="C:\Users\shino\.jdks\openjdk-21.0.2\bin"/>
    <property name="sun.java.command" value="C:\Users\shino\AppData\Local\Temp\surefire16182509161138704943\surefirebooter-20240327230737683_3.jar C:\Users\shino\AppData\Local\Temp\surefire16182509161138704943 2024-03-27T23-07-37_471-jvmRun1 surefire-20240327230737683_1tmp surefire_0-20240327230737683_2tmp"/>
    <property name="jdk.debug" value="release"/>
    <property name="surefire.test.class.path" value="C:\Users\shino\Desktop\CP\Task4_WIP\target\test-classes;C:\Users\shino\Desktop\CP\Task4_WIP\target\classes;C:\Users\shino\.m2\repository\org\junit\jupiter\junit-jupiter-engine\5.10.2\junit-jupiter-engine-5.10.2.jar;C:\Users\shino\.m2\repository\org\junit\platform\junit-platform-engine\1.10.2\junit-platform-engine-1.10.2.jar;C:\Users\shino\.m2\repository\org\opentest4j\opentest4j\1.3.0\opentest4j-1.3.0.jar;C:\Users\shino\.m2\repository\org\junit\platform\junit-platform-commons\1.10.2\junit-platform-commons-1.10.2.jar;C:\Users\shino\.m2\repository\org\junit\jupiter\junit-jupiter-api\5.10.2\junit-jupiter-api-5.10.2.jar;C:\Users\shino\.m2\repository\org\apiguardian\apiguardian-api\1.1.2\apiguardian-api-1.1.2.jar;"/>
    <property name="sun.cpu.endian" value="little"/>
    <property name="user.home" value="C:\Users\shino"/>
    <property name="user.language" value="en"/>
    <property name="java.specification.vendor" value="Oracle Corporation"/>
    <property name="java.version.date" value="2024-01-16"/>
    <property name="java.home" value="C:\Users\shino\.jdks\openjdk-21.0.2"/>
    <property name="file.separator" value="\"/>
    <property name="basedir" value="C:\Users\shino\Desktop\CP\Task4_WIP"/>
    <property name="java.vm.compressedOopsMode" value="Zero based"/>
    <property name="line.separator" value="&#10;"/>
    <property name="java.vm.specification.vendor" value="Oracle Corporation"/>
    <property name="java.specification.name" value="Java Platform API Specification"/>
    <property name="surefire.real.class.path" value="C:\Users\shino\AppData\Local\Temp\surefire16182509161138704943\surefirebooter-20240327230737683_3.jar"/>
    <property name="user.script" value=""/>
    <property name="sun.management.compiler" value="HotSpot 64-Bit Tiered Compilers"/>
    <property name="java.runtime.version" value="21.0.2+13-58"/>
    <property name="user.name" value="shino"/>
    <property name="stdout.encoding" value="Cp1252"/>
    <property name="path.separator" value=";"/>
    <property name="os.version" value="10.0"/>
    <property name="java.runtime.name" value="OpenJDK Runtime Environment"/>
    <property name="file.encoding" value="UTF-8"/>
    <property name="java.vm.name" value="OpenJDK 64-Bit Server VM"/>
    <property name="localRepository" value="C:\Users\shino\.m2\repository"/>
    <property name="java.vendor.url.bug" value="https://bugreport.java.com/bugreport/"/>
    <property name="java.io.tmpdir" value="C:\Users\shino\AppData\Local\Temp\"/>
    <property name="idea.version" value="2023.3.4"/>
    <property name="java.version" value="21.0.2"/>
    <property name="user.dir" value="C:\Users\shino\Desktop\CP\Task4_WIP"/>
    <property name="os.arch" value="amd64"/>
    <property name="java.vm.specification.name" value="Java Virtual Machine Specification"/>
    <property name="user.language.format" value="pl"/>
    <property name="sun.os.patch.level" value=""/>
    <property name="native.encoding" value="Cp1252"/>
    <property name="java.library.path" value="C:\Users\shino\.jdks\openjdk-21.0.2\bin;C:\Windows\Sun\Java\bin;C:\Windows\system32;C:\Windows;C:\Program Files (x86)\Intel\Intel(R) Management Engine Components\iCLS\;C:\Program Files\Intel\Intel(R) Management Engine Components\iCLS\;C:\Windows\system32;C:\Windows;C:\Windows\System32\Wbem;C:\Windows\System32\WindowsPowerShell\v1.0\;C:\Program Files (x86)\Intel\Intel(R) Management Engine Components\DAL;C:\Program Files\Intel\Intel(R) Management Engine Components\DAL;C:\Program Files (x86)\Intel\Intel(R) Management Engine Components\IPT;C:\Program Files\Intel\Intel(R) Management Engine Components\IPT;C:\Windows\System32\OpenSSH\;C:\Program Files\PuTTY\;C:\Program Files (x86)\nodejs\;C:\Program Files\dotnet\;C:\Program Files (x86)\Windows Kits\10\Windows Performance Toolkit\;C:\Program Files\Docker\Docker\resources\bin;C:\Program Files\Git\cmd;C:\Users\shino\AppData\Local\Microsoft\WindowsApps;C:\Users\shino\AppData\Local\Programs\Microsoft VS Code\bin;C:\Users\shino\AppData\Roaming\npm;C:\Users\shino\.dotnet\tools;C:\Users\shino\AppData\Local\GitHubDesktop\bin;C:\Program Files\JetBrains\IntelliJ IDEA 2023.3.4\bin;;."/>
    <property name="java.vm.info" value="mixed mode, sharing"/>
    <property name="stderr.encoding" value="Cp1252"/>
    <property name="java.vendor" value="Oracle Corporation"/>
    <property name="java.vm.version" value="21.0.2+13-58"/>
    <property name="sun.io.unicode.encoding" value="UnicodeLittle"/>
    <property name="java.class.version" value="65.0"/>
  </properties>
  <testcase name="checkBoard_ShouldReturnTrueForValidBoard" classname="TestSudokuBoard" time="0.051"/>
  <testcase name="sudokuSection_VerificationFailure" classname="TestSudokuBoard" time="0.002"/>
  <testcase name="sudokuSection_ShouldAllowZeros" classname="TestSudokuBoard" time="0.001"/>
  <testcase name="sudokuField_SetAndGet" classname="TestSudokuBoard" time="0.003"/>
  <testcase name="checkBoard_ShouldReturnFalseForInvalidBox" classname="TestSudokuBoard" time="0.003"/>
  <testcase name="checkBoard_ShouldReturnFalseForInvalidColumnOnEmptyBoard" classname="TestSudokuBoard" time="0.018">
    <system-out><![CDATA[0 0 0  0 0 0  0 0 0  
0 0 0  0 0 0  0 0 0  
0 0 0  0 0 0  0 0 0  

0 0 0  0 0 0  0 0 0  
0 0 0  0 0 0  0 0 0  
0 0 0  0 0 0  0 0 0  

0 0 0  0 0 0  0 0 0  
0 0 0  0 0 0  0 0 0  
0 0 0  0 0 0  0 0 0  

1 0 0  0 0 0  0 0 0  
2 0 0  0 0 0  0 0 0  
3 0 0  0 0 0  0 0 0  

4 0 0  0 0 0  0 0 0  
5 0 0  0 0 0  0 0 0  
6 0 0  0 0 0  0 0 0  

7 0 0  0 0 0  0 0 0  
8 0 0  0 0 0  0 0 0  
9 0 0  0 0 0  0 0 0  

7 0 0  0 0 0  0 0 0  
2 0 0  0 0 0  0 0 0  
3 0 0  0 0 0  0 0 0  

4 0 0  0 0 0  0 0 0  
5 0 0  0 0 0  0 0 0  
6 0 0  0 0 0  0 0 0  

7 0 0  0 0 0  0 0 0  
8 0 0  0 0 0  0 0 0  
9 0 0  0 0 0  0 0 0  

]]></system-out>
  </testcase>
  <testcase name="checkBoard_ShouldReturnFalseForInvalidRowOnEmptyBoard" classname="TestSudokuBoard" time="0.002"/>
  <testcase name="setAndGetMethods_ShouldCorrectlyAssignAndRetrieveValues" classname="TestSudokuBoard" time="0.003"/>
  <testcase name="sudokuSection_Verification" classname="TestSudokuBoard" time="0.003"/>
  <testcase name="solveGame_ShouldGenerateUniqueLayoutsOnSubsequentCalls" classname="TestSudokuBoard" time="0.01"/>
</testsuite>